<?xml version="1.0" encoding="UTF-8"?>
<!-- Generated by org.testng.reporters.JUnitReportReporter -->
<testsuite hostname="LAPTOP-2F76RQJQ" failures="0" tests="2" name="yourlogo.SignUpAccount" time="34.592" errors="0" timestamp="2020-04-18T00:42:19 IST" skipped="0">
  <testcase classname="yourlogo.SignUpAccount" name="signUp" time="27.057"/>
  <system-out/>
  <testcase classname="yourlogo.SignUpAccount" name="loginAfterSignup" time="7.535"/>
  <system-out/>
</testsuite> <!-- yourlogo.SignUpAccount -->
