<?xml version="1.0" encoding="UTF-8"?>
<!-- Generated by org.testng.reporters.JUnitReportReporter -->
<testsuite hostname="LAPTOP-2F76RQJQ" failures="0" tests="1" name="yourlogo.OrderProcess" time="50.148" errors="0" timestamp="2020-04-17T14:55:31 IST" skipped="0">
  <testcase classname="yourlogo.OrderProcess" name="method" time="50.148"/>
  <system-out/>
</testsuite> <!-- yourlogo.OrderProcess -->
