<?xml version="1.0" encoding="UTF-8"?>
<!-- Generated by org.testng.reporters.JUnitReportReporter -->
<testsuite hostname="LAPTOP-2F76RQJQ" failures="0" tests="4" name="com.demo.Testng_Script2" time="68.889" errors="0" timestamp="2020-04-12T00:16:48 IST" skipped="0">
  <testcase classname="com.demo.Testng_Script2" name="method4" time="23.600"/>
  <system-out/>
  <testcase classname="com.demo.Testng_Script2" name="method2" time="15.721"/>
  <system-out/>
  <testcase classname="com.demo.Testng_Script2" name="method1" time="14.083"/>
  <system-out/>
  <testcase classname="com.demo.Testng_Script2" name="method3" time="15.485"/>
  <system-out/>
</testsuite> <!-- com.demo.Testng_Script2 -->
