<?xml version="1.0" encoding="UTF-8"?>
<!-- Generated by org.testng.reporters.JUnitReportReporter -->
<testsuite hostname="LAPTOP-2F76RQJQ" failures="0" tests="3" name="com.demo.Testng_Script2" time="74.793" errors="0" timestamp="2020-04-11T19:27:34 IST" skipped="0">
  <testcase classname="com.demo.Testng_Script2" name="method1" time="15.499"/>
  <system-out/>
  <testcase classname="com.demo.Testng_Script2" name="method3" time="35.710"/>
  <system-out/>
  <testcase classname="com.demo.Testng_Script2" name="method2" time="23.584"/>
  <system-out/>
</testsuite> <!-- com.demo.Testng_Script2 -->
