<?xml version="1.0" encoding="UTF-8"?>
<!-- Generated by org.testng.reporters.JUnitReportReporter -->
<testsuite hostname="LAPTOP-2F76RQJQ" failures="0" tests="1" name="yourlogo.DetailPage" time="37.689" errors="0" timestamp="2020-04-16T15:33:35 IST" skipped="0">
  <testcase classname="yourlogo.DetailPage" name="method1" time="37.689"/>
  <system-out/>
</testsuite> <!-- yourlogo.DetailPage -->
