<?xml version="1.0" encoding="UTF-8"?>
<!-- Generated by org.testng.reporters.JUnitReportReporter -->
<testsuite hostname="LAPTOP-2F76RQJQ" failures="0" tests="1" name="yourlogo.Header" time="33.541" errors="0" timestamp="2020-04-16T14:31:18 IST" skipped="0">
  <testcase classname="yourlogo.Header" name="headerLinks" time="33.541"/>
  <system-out/>
</testsuite> <!-- yourlogo.Header -->
