<?xml version="1.0" encoding="UTF-8"?>
<!-- Generated by org.testng.reporters.JUnitReportReporter -->
<testsuite hostname="LAPTOP-2F76RQJQ" failures="0" tests="2" name="yourlogo.ListingPage" time="59.110" errors="0" timestamp="2020-04-16T14:47:24 IST" skipped="0">
  <testcase classname="yourlogo.ListingPage" name="method2" time="26.474"/>
  <system-out/>
  <testcase classname="yourlogo.ListingPage" name="method1" time="32.636"/>
  <system-out/>
</testsuite> <!-- yourlogo.ListingPage -->
