<?xml version="1.0" encoding="UTF-8"?>
<!-- Generated by org.testng.reporters.JUnitReportReporter -->
<testsuite hostname="LAPTOP-2F76RQJQ" failures="0" tests="3" name="com.demo.Testng_Script" time="56.531" errors="0" timestamp="2020-04-09T23:50:04 IST" skipped="0">
  <testcase classname="com.demo.Testng_Script" name="method3" time="13.823"/>
  <system-out/>
  <testcase classname="com.demo.Testng_Script" name="method2" time="25.237"/>
  <system-out/>
  <testcase classname="com.demo.Testng_Script" name="method1" time="17.471"/>
  <system-out/>
</testsuite> <!-- com.demo.Testng_Script -->
