<?xml version="1.0" encoding="UTF-8"?>
<!-- Generated by org.testng.reporters.JUnitReportReporter -->
<testsuite hostname="LAPTOP-2F76RQJQ" failures="0" tests="2" name="yourlogo.Footer" time="68.779" errors="0" timestamp="2020-04-16T14:31:17 IST" skipped="0">
  <testcase classname="yourlogo.Footer" name="myAccountsLinks" time="27.425"/>
  <system-out/>
  <testcase classname="yourlogo.Footer" name="footerLinks" time="41.354"/>
  <system-out/>
</testsuite> <!-- yourlogo.Footer -->
