<?xml version="1.0" encoding="UTF-8"?>
<!-- Generated by org.testng.reporters.JUnitReportReporter -->
<testsuite hostname="LAPTOP-2F76RQJQ" failures="0" tests="2" name="com.demo.Testng_Script2" time="46.079" errors="0" timestamp="2020-04-09T23:50:04 IST" skipped="0">
  <testcase classname="com.demo.Testng_Script2" name="method1" time="27.922"/>
  <system-out/>
  <testcase classname="com.demo.Testng_Script2" name="method2" time="18.157"/>
  <system-out/>
</testsuite> <!-- com.demo.Testng_Script2 -->
